0 info it worked if it ends with ok
1 verbose cli [ 'node',
1 verbose cli   '/Users/terrence_watson/.nvm/v0.10.38/bin/npm',
1 verbose cli   'start' ]
2 info using npm@2.13.3
3 info using node@v0.10.38
4 verbose run-script [ 'prestart', 'start', 'poststart' ]
5 info prestart react-elasticsearch-category@1.0.0
6 info start react-elasticsearch-category@1.0.0
7 verbose unsafe-perm in lifecycle true
8 info react-elasticsearch-category@1.0.0 Failed to exec start script
9 verbose stack Error: react-elasticsearch-category@1.0.0 start: `node --harmony server`
9 verbose stack Exit status 8
9 verbose stack     at EventEmitter.<anonymous> (/Users/terrence_watson/.nvm/v0.10.38/lib/node_modules/npm/lib/utils/lifecycle.js:214:16)
9 verbose stack     at EventEmitter.emit (events.js:98:17)
9 verbose stack     at ChildProcess.<anonymous> (/Users/terrence_watson/.nvm/v0.10.38/lib/node_modules/npm/lib/utils/spawn.js:24:14)
9 verbose stack     at ChildProcess.emit (events.js:98:17)
9 verbose stack     at maybeClose (child_process.js:766:16)
9 verbose stack     at Process.ChildProcess._handle.onexit (child_process.js:833:5)
10 verbose pkgid react-elasticsearch-category@1.0.0
11 verbose cwd /Users/terrence_watson/Code/react-elasticsearch-category
12 error Darwin 14.5.0
13 error argv "node" "/Users/terrence_watson/.nvm/v0.10.38/bin/npm" "start"
14 error node v0.10.38
15 error npm  v2.13.3
16 error code ELIFECYCLE
17 error react-elasticsearch-category@1.0.0 start: `node --harmony server`
17 error Exit status 8
18 error Failed at the react-elasticsearch-category@1.0.0 start script 'node --harmony server'.
18 error This is most likely a problem with the react-elasticsearch-category package,
18 error not with npm itself.
18 error Tell the author that this fails on your system:
18 error     node --harmony server
18 error You can get their info via:
18 error     npm owner ls react-elasticsearch-category
18 error There is likely additional logging output above.
19 verbose exit [ 1, true ]
